{
  "RSpec": {
    "coverage": {
      "/Users/Intern/Zoom/Reservation_project/spec/support/controller_macros.rb": [
        1,
        null,
        1,
        1,
        13,
        13,
        13,
        null,
        null,
        null
      ],
      "/Users/Intern/Zoom/Reservation_project/app/controllers/reservations_controller.rb": [
        1,
        null,
        1,
        1,
        null,
        null,
        1,
        2,
        null,
        null,
        1,
        1,
        null,
        null,
        1,
        1,
        null,
        null,
        1,
        null,
        2,
        2,
        2,
        2,
        null,
        0,
        null,
        null,
        null,
        1,
        4,
        4,
        0,
        0,
        null,
        0,
        null,
        null,
        4,
        4,
        null,
        null,
        null,
        1,
        1,
        1,
        0,
        0,
        null,
        1,
        1,
        null,
        null,
        null,
        1,
        null,
        1,
        2,
        null,
        null,
        null
      ],
      "/Users/Intern/Zoom/Reservation_project/app/controllers/application_controller.rb": [
        1,
        null,
        null,
        1,
        null
      ],
      "/Users/Intern/Zoom/Reservation_project/spec/controllers/reviews_controller_spec.rb": [
        1,
        null,
        1,
        null,
        null
      ],
      "/Users/Intern/Zoom/Reservation_project/app/controllers/reviews_controller.rb": [
        1,
        1,
        0,
        null,
        0,
        null,
        null,
        1,
        0,
        0,
        0,
        0,
        0,
        null,
        null,
        1,
        0,
        null,
        0,
        null,
        null,
        1,
        0,
        null,
        null,
        1,
        0,
        0,
        null,
        null,
        1,
        0,
        0,
        0,
        0,
        0,
        null,
        0,
        null,
        null,
        0,
        0,
        null,
        null,
        null,
        1,
        0,
        0,
        0,
        0,
        0,
        null,
        0,
        0,
        null,
        null,
        null,
        null,
        1,
        null,
        1,
        0,
        null,
        null,
        null
      ],
      "/Users/Intern/Zoom/Reservation_project/spec/helpers/reviews_helper_spec.rb": [
        1,
        null,
        null,
        null,
        null,
        null,
        null,
        null,
        null,
        null,
        null,
        null,
        1,
        1,
        null
      ],
      "/Users/Intern/Zoom/Reservation_project/spec/models/reservation_spec.rb": [
        null,
        1,
        1,
        1,
        1,
        1,
        1,
        null,
        1,
        1,
        null,
        1,
        1,
        null,
        1,
        1,
        null,
        1,
        1,
        1,
        null,
        1,
        1,
        1,
        null,
        1,
        1,
        1,
        null,
        1,
        1,
        null,
        null
      ],
      "/Users/Intern/Zoom/Reservation_project/app/models/reservation.rb": [
        1,
        1,
        1,
        1,
        1,
        null,
        1,
        1,
        null,
        null
      ],
      "/Users/Intern/Zoom/Reservation_project/spec/models/review_spec.rb": [
        1,
        null,
        1,
        1,
        null
      ],
      "/Users/Intern/Zoom/Reservation_project/app/models/review.rb": [
        1,
        1,
        1,
        null
      ],
      "/Users/Intern/Zoom/Reservation_project/spec/models/user_spec.rb": [
        1,
        null,
        1,
        1,
        null,
        1,
        1,
        null,
        1,
        1,
        1,
        null,
        1,
        1,
        1,
        1,
        1,
        null,
        null
      ],
      "/Users/Intern/Zoom/Reservation_project/spec/requests/password_resets_spec.rb": [
        1,
        null,
        1,
        1,
        1,
        null,
        1,
        0,
        null,
        null,
        null
      ],
      "/Users/Intern/Zoom/Reservation_project/test/factories.rb": [
        null,
        null,
        null,
        null,
        null,
        null
      ],
      "/Users/Intern/Zoom/Reservation_project/spec/factories/reservation.rb": [
        1,
        1,
        1,
        1,
        1,
        1,
        1,
        null,
        null
      ],
      "/Users/Intern/Zoom/Reservation_project/spec/factories/user.rb": [
        null,
        null,
        null,
        null,
        null,
        null,
        null,
        1,
        null,
        1,
        1,
        1,
        1,
        null,
        null
      ]
    },
    "timestamp": 1422626555
  }
}
